<?xml version="1.0" encoding="UTF-8"?>
<!-- Generated by org.testng.reporters.JUnitReportReporter -->
<testsuite skipped="0" hostname="LAMU02Z14MQLVCG.uhc.com." name="actions.Rightclick" tests="1" failures="0" timestamp="13 Feb 2020 03:28:46 GMT" time="37.236" errors="0">
  <testcase name="rightClick" time="37.236" classname="actions.Rightclick"/>
</testsuite> <!-- actions.Rightclick -->
