<?xml version="1.0" encoding="UTF-8"?>
<!-- Generated by org.testng.reporters.JUnitReportReporter -->
<testsuite skipped="0" hostname="LAMU02Z14MQLVCG.uhc.com." name="listeners.TestNGListenerOnFailure" tests="1" failures="0" timestamp="02 Feb 2020 10:06:26 GMT" time="1.793" errors="0">
  <testcase name="testMethod" time="1.793" classname="listeners.TestNGListenerOnFailure"/>
</testsuite> <!-- listeners.TestNGListenerOnFailure -->
