<?xml version="1.0" encoding="UTF-8"?>
<!-- Generated by org.testng.reporters.JUnitReportReporter -->
<testsuite skipped="0" hostname="LAMU02Z14MQLVCG.uhc.com." name="actions.javascriptexample" tests="1" failures="0" timestamp="11 Feb 2020 14:24:29 GMT" time="1575.608" errors="0">
  <testcase name="javascripttest" time="1575.608" classname="actions.javascriptexample"/>
</testsuite> <!-- actions.javascriptexample -->
