<?xml version="1.0" encoding="UTF-8"?>
<!-- Generated by org.testng.reporters.JUnitReportReporter -->
<testsuite skipped="0" hostname="LAMU02Z14MQLVCG.uhc.com." name="testcases.TC1" tests="3" failures="0" timestamp="27 Jan 2020 18:23:24 GMT" time="0.003" errors="0">
  <testcase name="doLogin2" time="0.002" classname="testcases.TC1"/>
  <testcase name="doLogin" time="0.000" classname="testcases.TC1"/>
  <testcase name="doLogin3" time="0.001" classname="testcases.TC1"/>
</testsuite> <!-- testcases.TC1 -->
