<?xml version="1.0" encoding="UTF-8"?>
<!-- Generated by org.testng.reporters.JUnitReportReporter -->
<testsuite skipped="0" hostname="LAMU02Z14MQLVCG.uhc.com." name="collections.HashmapExample" tests="1" failures="0" timestamp="30 Jan 2020 17:26:08 GMT" time="0.006" errors="0">
  <testcase name="test" time="0.006" classname="collections.HashmapExample"/>
</testsuite> <!-- collections.HashmapExample -->
