<?xml version="1.0" encoding="UTF-8"?>
<!-- Generated by org.testng.reporters.JUnitReportReporter -->
<testsuite skipped="0" hostname="LAMU02Z14MQLVCG.uhc.com." name="Selectexample.SelectClass" tests="1" failures="0" timestamp="12 Feb 2020 11:01:34 GMT" time="3.766" errors="0">
  <testcase name="testSelect" time="3.766" classname="Selectexample.SelectClass"/>
</testsuite> <!-- Selectexample.SelectClass -->
