<?xml version="1.0" encoding="UTF-8"?>
<!-- Generated by org.testng.reporters.JUnitReportReporter -->
<testsuite skipped="0" hostname="LAMU02Z14MQLVCG.uhc.com." name="collections.Hashsset" tests="1" failures="0" timestamp="30 Jan 2020 17:15:07 GMT" time="0.007" errors="0">
  <testcase name="test" time="0.007" classname="collections.Hashsset"/>
</testsuite> <!-- collections.Hashsset -->
