<?xml version="1.0" encoding="UTF-8"?>
<!-- Generated by org.testng.reporters.JUnitReportReporter -->
<testsuite skipped="0" hostname="LAMU02Z14MQLVCG.uhc.com." name="isPresent.isElementPresent" tests="4" failures="0" timestamp="04 Nov 2020 19:03:29 GMT" time="10.468" errors="0">
  <testcase name="getPetDetails" time="3.212" classname="isPresent.isElementPresent"/>
  <testcase name="postNewPet" time="2.870" classname="isPresent.isElementPresent"/>
  <testcase name="UpdatePet" time="2.190" classname="isPresent.isElementPresent"/>
  <testcase name="DeletePet" time="2.196" classname="isPresent.isElementPresent"/>
</testsuite> <!-- isPresent.isElementPresent -->
