<?xml version="1.0" encoding="UTF-8"?>
<!-- Generated by org.testng.reporters.JUnitReportReporter -->
<testsuite skipped="0" hostname="LAMU02Z14MQLVCG.uhc.com." name="dataprovider.TestNGParametrizationExcel" tests="2" failures="0" timestamp="01 Feb 2020 09:56:45 GMT" time="0.006" errors="0">
  <testcase name="testit" time="0.001" classname="dataprovider.TestNGParametrizationExcel"/>
  <testcase name="testit" time="0.005" classname="dataprovider.TestNGParametrizationExcel"/>
</testsuite> <!-- dataprovider.TestNGParametrizationExcel -->
