<?xml version="1.0" encoding="UTF-8"?>
<!-- Generated by org.testng.reporters.JUnitReportReporter -->
<testsuite skipped="0" hostname="LAMU02Z14MQLVCG.uhc.com." name="actions.TestDragnDrop" tests="1" failures="0" timestamp="11 Feb 2020 06:14:52 GMT" time="12.963" errors="0">
  <testcase name="dragndrop" time="12.963" classname="actions.TestDragnDrop"/>
</testsuite> <!-- actions.TestDragnDrop -->
