<?xml version="1.0" encoding="UTF-8"?>
<!-- Generated by org.testng.reporters.JUnitReportReporter -->
<testsuite skipped="0" hostname="LAMU02Z14MQLVCG.uhc.com." name="dataprovider.TestParallelDataProvider" tests="10" failures="0" timestamp="01 Feb 2020 15:17:27 GMT" time="20.074" errors="0">
  <testcase name="test" time="2.005" classname="dataprovider.TestParallelDataProvider"/>
  <testcase name="test" time="2.006" classname="dataprovider.TestParallelDataProvider"/>
  <testcase name="test" time="2.006" classname="dataprovider.TestParallelDataProvider"/>
  <testcase name="test" time="2.006" classname="dataprovider.TestParallelDataProvider"/>
  <testcase name="test" time="2.018" classname="dataprovider.TestParallelDataProvider"/>
  <testcase name="test" time="2.003" classname="dataprovider.TestParallelDataProvider"/>
  <testcase name="test" time="2.018" classname="dataprovider.TestParallelDataProvider"/>
  <testcase name="test" time="2.004" classname="dataprovider.TestParallelDataProvider"/>
  <testcase name="test" time="2.003" classname="dataprovider.TestParallelDataProvider"/>
  <testcase name="test" time="2.005" classname="dataprovider.TestParallelDataProvider"/>
</testsuite> <!-- dataprovider.TestParallelDataProvider -->
