<?xml version="1.0" encoding="UTF-8"?>
<!-- Generated by org.testng.reporters.JUnitReportReporter -->
<testsuite skipped="0" hostname="LAMU02Z14MQLVCG.uhc.com." name="actions.TestMouseOver" tests="1" failures="0" timestamp="10 Feb 2020 08:23:49 GMT" time="12.372" errors="0">
  <testcase name="mouseover" time="12.372" classname="actions.TestMouseOver"/>
</testsuite> <!-- actions.TestMouseOver -->
