<?xml version="1.0" encoding="UTF-8"?>
<!-- Generated by org.testng.reporters.JUnitReportReporter -->
<testsuite skipped="0" hostname="LAMU02Z14MQLVCG.uhc.com." name="actions.TestIframe" tests="1" failures="0" timestamp="11 Feb 2020 08:49:38 GMT" time="33.434" errors="0">
  <testcase name="Iframetest" time="33.434" classname="actions.TestIframe"/>
</testsuite> <!-- actions.TestIframe -->
