<?xml version="1.0" encoding="UTF-8"?>
<!-- Generated by org.testng.reporters.JUnitReportReporter -->
<testsuite skipped="0" hostname="LAMU02Z14MQLVCG.uhc.com." name="Selectexample.ss" tests="1" failures="0" timestamp="13 Feb 2020 10:09:47 GMT" time="4.134" errors="0">
  <testcase name="testSelect" time="4.134" classname="Selectexample.ss"/>
</testsuite> <!-- Selectexample.ss -->
